<?xml version="1.0" encoding="UTF-8"?>
<!-- Generated by org.testng.reporters.JUnitReportReporter -->
<testsuite hostname="Govardhan-Reddy" failures="0" tests="1" name="SmallTestexams.FileDownWinSwitch" time="29.943" errors="0" timestamp="2022-05-26T10:56:01 IST" skipped="0">
  <testcase classname="SmallTestexams.FileDownWinSwitch" name="fileDown" time="29.943"/>
  <system-out/>
</testsuite> <!-- SmallTestexams.FileDownWinSwitch -->
