<?xml version="1.0" encoding="UTF-8"?>
<!-- Generated by org.testng.reporters.JUnitReportReporter -->
<testsuite hostname="Govardhan-Reddy" failures="0" tests="4" name="outPut.OutPut" time="49.521" errors="0" timestamp="2022-05-26T09:50:01 IST" skipped="0">
  <testcase classname="outPut.OutPut" name="login" time="12.578"/>
  <system-out/>
  <testcase classname="outPut.OutPut" name="login" time="11.581"/>
  <system-out/>
  <testcase classname="outPut.OutPut" name="login" time="14.239"/>
  <system-out/>
  <testcase classname="outPut.OutPut" name="login" time="11.123"/>
  <system-out/>
</testsuite> <!-- outPut.OutPut -->
