<?xml version="1.0" encoding="UTF-8"?>
<!-- Generated by org.testng.reporters.JUnitReportReporter -->
<testsuite hostname="Govardhan-Reddy" failures="0" tests="1" name="ProjectS.adactinhotelapp.FirstTestCase" time="19.265" errors="0" timestamp="2022-04-08T14:09:15 IST" skipped="0">
  <testcase classname="ProjectS.adactinhotelapp.FirstTestCase" name="Testcaseone" time="19.265"/>
  <system-out/>
</testsuite> <!-- ProjectS.adactinhotelapp.FirstTestCase -->
