<?xml version="1.0" encoding="UTF-8"?>
<!-- Generated by org.testng.reporters.JUnitReportReporter -->
<testsuite hostname="Govardhan-Reddy" failures="0" tests="1" name="regularPractice.WinFramAlert" time="14.448" errors="0" timestamp="2022-05-31T21:38:59 IST" skipped="0">
  <testcase classname="regularPractice.WinFramAlert" name="winswitch" time="14.448"/>
  <system-out/>
</testsuite> <!-- regularPractice.WinFramAlert -->
