<?xml version="1.0" encoding="UTF-8"?>
<!-- Generated by org.testng.reporters.JUnitReportReporter -->
<testsuite hostname="Govardhan-Reddy" failures="0" tests="4" name="outPut.OutPut" time="23.889" errors="0" timestamp="2022-05-23T11:27:15 IST" skipped="0">
  <testcase classname="outPut.OutPut" name="loginTest" time="4.584"/>
  <system-out/>
  <testcase classname="outPut.OutPut" name="loginTest" time="6.693"/>
  <system-out/>
  <testcase classname="outPut.OutPut" name="loginTest" time="8.316"/>
  <system-out/>
  <testcase classname="outPut.OutPut" name="loginTest" time="4.296"/>
  <system-out/>
</testsuite> <!-- outPut.OutPut -->
