<?xml version="1.0" encoding="UTF-8"?>
<!-- Generated by org.testng.reporters.JUnitReportReporter -->
<testsuite hostname="Govardhan-Reddy" failures="0" tests="1" name="regularPractice.ScreenShot" time="4.129" errors="0" timestamp="2022-05-31T23:11:31 IST" skipped="0">
  <testcase classname="regularPractice.ScreenShot" name="name" time="4.129"/>
  <system-out/>
</testsuite> <!-- regularPractice.ScreenShot -->
