<?xml version="1.0" encoding="UTF-8"?>
<!-- Generated by org.testng.reporters.JUnitReportReporter -->
<testsuite hostname="Govardhan-Reddy" failures="0" tests="1" name="SmallTestexams.FileDownloading" time="8.113" errors="0" timestamp="2022-05-23T13:25:39 IST" skipped="0">
  <testcase classname="SmallTestexams.FileDownloading" name="donload" time="8.113"/>
  <system-out/>
</testsuite> <!-- SmallTestexams.FileDownloading -->
