<?xml version="1.0" encoding="UTF-8"?>
<!-- Generated by org.testng.reporters.JUnitReportReporter -->
<testsuite hostname="Govardhan-Reddy" failures="0" tests="1" name="SmallTestexams.UpLoadingFile" time="9.426" errors="0" timestamp="2022-05-26T11:38:26 IST" skipped="0">
  <testcase classname="SmallTestexams.UpLoadingFile" name="upload" time="9.426"/>
  <system-out/>
</testsuite> <!-- SmallTestexams.UpLoadingFile -->
