<?xml version="1.0" encoding="UTF-8"?>
<!-- Generated by org.testng.reporters.JUnitReportReporter -->
<testsuite hostname="Govardhan-Reddy" failures="0" tests="1" name="SmallTestexams.FileDownload" time="7.540" errors="0" timestamp="2022-05-26T10:42:03 IST" skipped="0">
  <testcase classname="SmallTestexams.FileDownload" name="donload" time="7.540"/>
  <system-out/>
</testsuite> <!-- SmallTestexams.FileDownload -->
