<?xml version="1.0" encoding="UTF-8"?>
<!-- Generated by org.testng.reporters.JUnitReportReporter -->
<testsuite hostname="Govardhan-Reddy" failures="0" tests="4" name="regressions.ValidateLogin" time="29.989" errors="0" timestamp="2022-05-31T21:03:08 IST" skipped="0">
  <testcase classname="regressions.ValidateLogin" name="login" time="12.766"/>
  <system-out/>
  <testcase classname="regressions.ValidateLogin" name="login" time="6.035"/>
  <system-out/>
  <testcase classname="regressions.ValidateLogin" name="login" time="5.369"/>
  <system-out/>
  <testcase classname="regressions.ValidateLogin" name="login" time="5.819"/>
  <system-out/>
</testsuite> <!-- regressions.ValidateLogin -->
