<?xml version="1.0" encoding="UTF-8"?>
<!-- Generated by org.testng.reporters.JUnitReportReporter -->
<testsuite hostname="Govardhan-Reddy" failures="0" tests="1" name="SmallTestexams.ScreenShot" time="7.236" errors="0" timestamp="2022-05-26T14:03:44 IST" skipped="0">
  <testcase classname="SmallTestexams.ScreenShot" name="screenshoot" time="7.236"/>
  <system-out/>
</testsuite> <!-- SmallTestexams.ScreenShot -->
