<?xml version="1.0" encoding="UTF-8"?>
<!-- Generated by org.testng.reporters.JUnitReportReporter -->
<testsuite hostname="Govardhan-Reddy" failures="0" tests="1" name="outPut.ListOut" time="29.666" errors="0" timestamp="2022-05-31T11:17:37 IST" skipped="0">
  <testcase classname="outPut.ListOut" name="setright" time="29.666"/>
  <system-out/>
</testsuite> <!-- outPut.ListOut -->
