<?xml version="1.0" encoding="UTF-8"?>
<!-- Generated by org.testng.reporters.JUnitReportReporter -->
<testsuite hostname="Govardhan-Reddy" failures="0" tests="1" name="SmallTestexams.FileDownload" time="8.115" errors="0" timestamp="2022-05-23T15:02:36 IST" skipped="0">
  <testcase classname="SmallTestexams.FileDownload" name="donload" time="8.115"/>
  <system-out/>
</testsuite> <!-- SmallTestexams.FileDownload -->
