<?xml version="1.0" encoding="UTF-8"?>
<!-- Generated by org.testng.reporters.JUnitReportReporter -->
<testsuite hostname="Govardhan-Reddy" failures="0" tests="1" name="datePicker.FramAndBackFraam" time="16.646" errors="0" timestamp="2022-05-30T15:30:19 IST" skipped="0">
  <testcase classname="datePicker.FramAndBackFraam" name="framsback" time="16.646"/>
  <system-out/>
</testsuite> <!-- datePicker.FramAndBackFraam -->
