<?xml version="1.0" encoding="UTF-8"?>
<!-- Generated by org.testng.reporters.JUnitReportReporter -->
<testsuite hostname="Govardhan-Reddy" failures="0" tests="1" name="Tasks.TestCase" time="91.388" errors="0" timestamp="2022-04-26T21:24:15 IST" skipped="0">
  <testcase classname="Tasks.TestCase" name="doLogin" time="91.388"/>
  <system-out/>
</testsuite> <!-- Tasks.TestCase -->
