<?xml version="1.0" encoding="UTF-8"?>
<!-- Generated by org.testng.reporters.JUnitReportReporter -->
<testsuite hostname="Govardhan-Reddy" failures="0" tests="1" name="Tasks.TestOne" time="8.631" errors="0" timestamp="2022-05-06T14:43:26 IST" skipped="0">
  <testcase classname="Tasks.TestOne" name="guru99" time="8.631"/>
  <system-out/>
</testsuite> <!-- Tasks.TestOne -->
