<?xml version="1.0" encoding="UTF-8"?>
<!-- Generated by org.testng.reporters.JUnitReportReporter -->
<testsuite hostname="Govardhan-Reddy" failures="0" tests="1" name="regularPractice.DropDown" time="6.571" errors="0" timestamp="2022-06-03T12:19:58 IST" skipped="0">
  <testcase classname="regularPractice.DropDown" name="Drop" time="6.571"/>
  <system-out/>
</testsuite> <!-- regularPractice.DropDown -->
