<?xml version="1.0" encoding="UTF-8"?>
<!-- Generated by org.testng.reporters.JUnitReportReporter -->
<testsuite hostname="Govardhan-Reddy" failures="0" tests="1" name="ProjectS.adactinhotelapp.LaunchChrome" time="12.892" errors="0" timestamp="2022-04-06T10:56:15 IST" skipped="0">
  <testcase classname="ProjectS.adactinhotelapp.LaunchChrome" name="openBrowser" time="12.892"/>
  <system-out/>
</testsuite> <!-- ProjectS.adactinhotelapp.LaunchChrome -->
