<?xml version="1.0" encoding="UTF-8"?>
<!-- Generated by org.testng.reporters.JUnitReportReporter -->
<testsuite hostname="Govardhan-Reddy" failures="0" tests="1" name="regularPractice.FileUpload" time="9.749" errors="0" timestamp="2022-05-31T22:36:02 IST" skipped="0">
  <testcase classname="regularPractice.FileUpload" name="upload" time="9.749"/>
  <system-out/>
</testsuite> <!-- regularPractice.FileUpload -->
