<?xml version="1.0" encoding="UTF-8"?>
<!-- Generated by org.testng.reporters.JUnitReportReporter -->
<testsuite hostname="Govardhan-Reddy" failures="0" tests="1" name="regularPractice.SelectData" time="14.208" errors="0" timestamp="2022-06-01T14:55:13 IST" skipped="0">
  <testcase classname="regularPractice.SelectData" name="getData" time="14.208"/>
  <system-out/>
</testsuite> <!-- regularPractice.SelectData -->
