<?xml version="1.0" encoding="UTF-8"?>
<!-- Generated by org.testng.reporters.JUnitReportReporter -->
<testsuite hostname="Govardhan-Reddy" failures="0" tests="1" name="SmallTestexams.FileDownLoad2" time="13.233" errors="0" timestamp="2022-05-23T20:44:23 IST" skipped="0">
  <testcase classname="SmallTestexams.FileDownLoad2" name="filedown" time="13.233"/>
  <system-out/>
</testsuite> <!-- SmallTestexams.FileDownLoad2 -->
