<?xml version="1.0" encoding="UTF-8"?>
<!-- Generated by org.testng.reporters.JUnitReportReporter -->
<testsuite hostname="Govardhan-Reddy" failures="0" tests="1" name="outPut.WindowHandle" time="24.751" errors="0" timestamp="2022-05-19T11:02:20 IST" skipped="0">
  <testcase classname="outPut.WindowHandle" name="window" time="24.751"/>
  <system-out/>
</testsuite> <!-- outPut.WindowHandle -->
