<?xml version="1.0" encoding="UTF-8"?>
<!-- Generated by org.testng.reporters.JUnitReportReporter -->
<testsuite hostname="Govardhan-Reddy" failures="0" tests="1" name="regularPractice.Practi" time="43.682" errors="0" timestamp="2022-06-01T15:04:32 IST" skipped="0">
  <testcase classname="regularPractice.Practi" name="furu" time="43.682"/>
  <system-out/>
</testsuite> <!-- regularPractice.Practi -->
