<?xml version="1.0" encoding="UTF-8"?>
<!-- Generated by org.testng.reporters.JUnitReportReporter -->
<testsuite hostname="Govardhan-Reddy" failures="0" tests="1" name="SmallTestexams.WinSwitchAlert" time="18.971" errors="0" timestamp="2022-05-23T14:15:14 IST" skipped="0">
  <testcase classname="SmallTestexams.WinSwitchAlert" name="winhandle" time="18.971"/>
  <system-out/>
</testsuite> <!-- SmallTestexams.WinSwitchAlert -->
