<?xml version="1.0" encoding="UTF-8"?>
<!-- Generated by org.testng.reporters.JUnitReportReporter -->
<testsuite hostname="Govardhan-Reddy" failures="0" tests="4" name="outPut.OutPutTest" time="22.865" errors="0" timestamp="2022-05-18T08:29:37 IST" skipped="0">
  <testcase classname="outPut.OutPutTest" name="logintext" time="4.895"/>
  <system-out/>
  <testcase classname="outPut.OutPutTest" name="logintext" time="7.646"/>
  <system-out/>
  <testcase classname="outPut.OutPutTest" name="logintext" time="5.320"/>
  <system-out/>
  <testcase classname="outPut.OutPutTest" name="logintext" time="5.004"/>
  <system-out/>
</testsuite> <!-- outPut.OutPutTest -->
