<?xml version="1.0" encoding="UTF-8"?>
<!-- Generated by org.testng.reporters.JUnitReportReporter -->
<testsuite hostname="Govardhan-Reddy" failures="0" tests="1" name="regularPractice.FileDowns" time="26.335" errors="0" timestamp="2022-05-31T22:16:44 IST" skipped="0">
  <testcase classname="regularPractice.FileDowns" name="downloadfile" time="26.335"/>
  <system-out/>
</testsuite> <!-- regularPractice.FileDowns -->
