<?xml version="1.0" encoding="UTF-8"?>
<!-- Generated by org.testng.reporters.JUnitReportReporter -->
<testsuite hostname="Govardhan-Reddy" failures="0" tests="1" name="SmallTestexams.DatePicker" time="4.412" errors="0" timestamp="2022-05-18T11:12:25 IST" skipped="0">
  <testcase classname="SmallTestexams.DatePicker" name="pickdate" time="4.412"/>
  <system-out/>
</testsuite> <!-- SmallTestexams.DatePicker -->
