<?xml version="1.0" encoding="UTF-8"?>
<!-- Generated by org.testng.reporters.JUnitReportReporter -->
<testsuite hostname="Govardhan-Reddy" failures="0" tests="1" name="Tasks.Login" time="13.136" errors="0" timestamp="2022-04-23T11:28:03 IST" skipped="0">
  <testcase classname="Tasks.Login" name="tasksOpen" time="13.136"/>
  <system-out/>
</testsuite> <!-- Tasks.Login -->
