<?xml version="1.0" encoding="UTF-8"?>
<!-- Generated by org.testng.reporters.JUnitReportReporter -->
<testsuite hostname="Govardhan-Reddy" failures="0" tests="1" name="regularPractice.GragAndDrop" time="7.351" errors="0" timestamp="2022-06-03T13:05:49 IST" skipped="0">
  <testcase classname="regularPractice.GragAndDrop" name="Drop" time="7.351"/>
  <system-out/>
</testsuite> <!-- regularPractice.GragAndDrop -->
