<?xml version="1.0" encoding="UTF-8"?>
<!-- Generated by org.testng.reporters.JUnitReportReporter -->
<testsuite hostname="Govardhan-Reddy" failures="0" tests="1" name="regularPractice.ScroolBar" time="10.575" errors="0" timestamp="2022-06-03T16:22:03 IST" skipped="0">
  <testcase classname="regularPractice.ScroolBar" name="scroll" time="10.575"/>
  <system-out/>
</testsuite> <!-- regularPractice.ScroolBar -->
