<?xml version="1.0" encoding="UTF-8"?>
<!-- Generated by org.testng.reporters.JUnitReportReporter -->
<testsuite hostname="Govardhan-Reddy" failures="0" tests="1" name="regularPractice.DatePicker" time="8.864" errors="0" timestamp="2022-06-05T10:07:25 IST" skipped="0">
  <testcase classname="regularPractice.DatePicker" name="date" time="8.864"/>
  <system-out/>
</testsuite> <!-- regularPractice.DatePicker -->
