<?xml version="1.0" encoding="UTF-8"?>
<!-- Generated by org.testng.reporters.JUnitReportReporter -->
<testsuite hostname="Govardhan-Reddy" failures="0" tests="1" name="Tasks.Exam" time="9.416" errors="0" timestamp="2022-04-23T14:55:18 IST" skipped="0">
  <testcase classname="Tasks.Exam" name="Testcase" time="9.416"/>
  <system-out/>
</testsuite> <!-- Tasks.Exam -->
