<?xml version="1.0" encoding="UTF-8"?>
<!-- Generated by org.testng.reporters.JUnitReportReporter -->
<testsuite hostname="Govardhan-Reddy" failures="0" tests="1" name="ProjectS.adactinhotelapp.Login_TestData" time="9.533" errors="0" timestamp="2022-04-06T17:07:32 IST" skipped="0">
  <testcase classname="ProjectS.adactinhotelapp.Login_TestData" name="Loginapp" time="9.533"/>
  <system-out/>
</testsuite> <!-- ProjectS.adactinhotelapp.Login_TestData -->
